srun: defined options
srun: -------------------- --------------------
srun: (null)              : n[017-019]
srun: cpus-per-task       : 24
srun: distribution        : block:block
srun: jobid               : 785105
srun: job-name            : dielFilterV2real_3_nodes_2_tasks_24_threads_mpi
srun: nodes               : 3
srun: ntasks              : 6
srun: ntasks-per-node     : 2
srun: verbose             : 1
srun: -------------------- --------------------
srun: end of defined options
srun: jobid 785105: nodes(3):`n[017-019]', cpu counts: 96(x3)
srun: Implicitly setting --exact, because -c/--cpus-per-task given.
srun: launch/slurm: launch_p_step_launch: CpuBindType=(null type)
srun: launching StepId=785105.0 on host n017, 2 tasks: [0-1]
srun: launching StepId=785105.0 on host n018, 2 tasks: [2-3]
srun: launching StepId=785105.0 on host n019, 2 tasks: [4-5]
srun: route/default: init: route default plugin loaded
srun: launch/slurm: _task_start: Node n017, 2 tasks started
srun: launch/slurm: _task_start: Node n019, 2 tasks started
srun: launch/slurm: _task_start: Node n018, 2 tasks started
srun: Sent KVS info to 3 nodes, up to 2 tasks per node
srun: Sent KVS info to 3 nodes, up to 2 tasks per node
srun: Sent KVS info to 3 nodes, up to 2 tasks per node
srun: Sent KVS info to 3 nodes, up to 2 tasks per node
malloc(): invalid size (unsorted)
[n019:339271] *** Process received signal ***
[n019:339271] Signal: Aborted (6)
[n019:339271] Signal code:  (-6)
munmap_chunk(): invalid pointer
[n017:1793478] *** Process received signal ***
[n017:1793478] Signal: Aborted (6)
[n017:1793478] Signal code:  (-6)
[n017:1793478] [ 0] /lib/x86_64-linux-gnu/libc.so.6(+0x42520)[0x155554e19520]
[n017:1793478] [ 1] /lib/x86_64-linux-gnu/libc.so.6(pthread_kill+0x12c)[0x155554e6d9fc]
[n017:1793478] [ 2] /lib/x86_64-linux-gnu/libc.so.6(raise+0x16)[0x155554e19476]
[n017:1793478] [ 3] /lib/x86_64-linux-gnu/libc.so.6(abort+0xd3)[0x155554dff7f3]
[n017:1793478] [ 4] /lib/x86_64-linux-gnu/libc.so.6(+0x89677)[0x155554e60677]
[n017:1793478] [ 5] /lib/x86_64-linux-gnu/libc.so.6(+0xa0cfc)[0x155554e77cfc]
[n017:1793478] [ 6] /lib/x86_64-linux-gnu/libc.so.6(+0xa0fdc)[0x155554e77fdc]
[n017:1793478] [ 7] /lib/x86_64-linux-gnu/libc.so.6(free+0xba)[0x155554e7c49a]
[n017:1793478] [ 8] /cm/shared/apps/ucx/gcc/1.15.0/lib/libucp.so.0(+0x643a1)[0x1555543be3a1]
[n017:1793478] [ 9] /cm/shared/apps/ucx/gcc/1.15.0/lib/libucp.so.0(ucp_worker_destroy+0x5b5)[0x1555543c2495]
[n017:1793478] [10] /cm/shared/ex3-modules/202309a/defq/pkgs/openmpi-4.1.6/lib/openmpi/mca_pml_ucx.so(mca_pml_ucx_cleanup+0x17b)[0x1555548ad38b]
[n017:1793478] [11] /cm/shared/ex3-modules/202309a/defq/pkgs/openmpi-4.1.6/lib/libmpi.so.40(ompi_mpi_finalize+0x5ab)[0x155555427d5b]
[n017:1793478] [12] /home/krisor99/SpMV-Comm-Strats/P2/build/Debug/1a(+0x2823)[0x555555556823]
[n017:1793478] [13] /lib/x86_64-linux-gnu/libc.so.6(+0x29d90)[0x155554e00d90]
[n017:1793478] [14] /lib/x86_64-linux-gnu/libc.so.6(__libc_start_main+0x80)[0x155554e00e40]
[n017:1793478] [15] /home/krisor99/SpMV-Comm-Strats/P2/build/Debug/1a(+0x2945)[0x555555556945]
[n017:1793478] *** End of error message ***
free(): invalid next size (fast)
[n018:3812407] *** Process received signal ***
[n018:3812407] Signal: Aborted (6)
[n018:3812407] Signal code:  (-6)
[n018:3812407] [ 0] /lib/x86_64-linux-gnu/libc.so.6(+0x42520)[0x155554e19520]
[n018:3812407] [ 1] /lib/x86_64-linux-gnu/libc.so.6(pthread_kill+0x12c)[0x155554e6d9fc]
[n018:3812407] [ 2] /lib/x86_64-linux-gnu/libc.so.6(raise+0x16)[0x155554e19476]
[n018:3812407] [ 3] /lib/x86_64-linux-gnu/libc.so.6(abort+0xd3)[0x155554dff7f3]
[n018:3812407] [ 4] /lib/x86_64-linux-gnu/libc.so.6(+0x89677)[0x155554e60677]
[n018:3812407] [ 5] /lib/x86_64-linux-gnu/libc.so.6(+0xa0cfc)[0x155554e77cfc]
[n018:3812407] [ 6] /lib/x86_64-linux-gnu/libc.so.6(+0xa2a9d)[0x155554e79a9d]
[n018:3812407] [ 7] /lib/x86_64-linux-gnu/libc.so.6(free+0x73)[0x155554e7c453]
[n018:3812407] [ 8] /cm/shared/ex3-modules/202309a/defq/pkgs/openmpi-4.1.6/lib/libopen-pal.so.40(+0x4ae2e)[0x155554c4de2e]
[n018:3812407] [ 9] /cm/shared/ex3-modules/202309a/defq/pkgs/openmpi-4.1.6/lib/libopen-pal.so.40(+0xcfce9)[0x155554cd2ce9]
[n018:3812407] [10] /cm/shared/ex3-modules/202309a/defq/pkgs/openmpi-4.1.6/lib/libopen-pal.so.40(opal_pmix_base_hash_finalize+0x19a)[0x155554cd2f1a]
[n018:3812407] [11] /cm/shared/ex3-modules/202309a/defq/pkgs/openmpi-4.1.6/lib/openmpi/mca_pmix_s1.so(+0x2cce)[0x155554866cce]
[n018:3812407] [12] /cm/shared/ex3-modules/202309a/defq/pkgs/openmpi-4.1.6/lib/openmpi/mca_ess_pmi.so(+0x2795)[0x155554b99795]
[n018:3812407] [13] /cm/shared/ex3-modules/202309a/defq/pkgs/openmpi-4.1.6/lib/libopen-rte.so.40(orte_finalize+0x65)[0x155554d34265]
[n018:3812407] [14] /cm/shared/ex3-modules/202309a/defq/pkgs/openmpi-4.1.6/lib/libmpi.so.40(ompi_mpi_finalize+0x8bc)[0x15555542806c]
[n018:3812407] [15] /home/krisor99/SpMV-Comm-Strats/P2/build/Debug/1a(+0x2823)[0x555555556823]
[n018:3812407] [16] /lib/x86_64-linux-gnu/libc.so.6(+0x29d90)[0x155554e00d90]
[n018:3812407] [17] /lib/x86_64-linux-gnu/libc.so.6(__libc_start_main+0x80)[0x155554e00e40]
[n018:3812407] [18] /home/krisor99/SpMV-Comm-Strats/P2/build/Debug/1a(+0x2945)[0x555555556945]
[n018:3812407] *** End of error message ***
srun: launch/slurm: _task_finish: Received task exit notification for 1 task of StepId=785105.0 (status=0x0000).
srun: launch/slurm: _task_finish: n019: task 5: Completed
srun: launch/slurm: _task_finish: Received task exit notification for 1 task of StepId=785105.0 (status=0x0000).
srun: launch/slurm: _task_finish: n018: task 2: Completed
srun: launch/slurm: _task_finish: Received task exit notification for 1 task of StepId=785105.0 (status=0x0000).
srun: launch/slurm: _task_finish: n017: task 0: Completed
srun: launch/slurm: _task_finish: Received task exit notification for 1 task of StepId=785105.0 (status=0x0086).
srun: error: n018: task 3: Aborted (core dumped)
srun: launch/slurm: _task_finish: Received task exit notification for 1 task of StepId=785105.0 (status=0x0086).
srun: error: n017: task 1: Aborted (core dumped)
srun: Complete StepId=785105.0+0 received
srun: Job step aborted: Waiting up to 32 seconds for job step to finish.
slurmstepd: error: *** JOB 785105 ON n017 CANCELLED AT 2025-04-07T16:48:00 DUE TO TIME LIMIT ***
